Building DAG of jobs...
Using shell: /usr/bin/bash
Provided cluster nodes: 400
Job counts:
	count	jobs
	1	all
	2	create_psite_track
	2	p_site_determination
	2	ribowave
	7

[Wed Dec 19 21:09:15 2018]
rule p_site_determination:
    input: /home/cmb-panasas2/wenzhenl/benchmark/gene_level/mm10/SRP091889_mouse/RNA_CCDS_lengths.bam, /home/cmb-panasas2/skchoudh/genomes/mm10/ribowave_annotation/start_codon.bed
    output: Ribowave_results/P-site/RNA_CCDS_lengths.psite1nt.txt
    jobid: 6
    benchmark: time_benchmarks/Ribowave/p_site_determination/RNA_CCDS_lengths.txt
    wildcards: sample_type=RNA_CCDS_lengths

source activate ribowave &&\
    bash /home/cmb-panasas2/skchoudh/github_projects/Ribowave/scripts/P-site_determination.sh  -i  /home/cmb-panasas2/wenzhenl/benchmark/gene_level/mm10/SRP091889_mouse/RNA_CCDS_lengths.bam\
      -S /home/cmb-panasas2/skchoudh/genomes/mm10/ribowave_annotation/start_codon.bed\
      -o Ribowave_results\
      -n RNA_CCDS_lengths\
      -s /home/cmb-panasas2/skchoudh/github_projects/Ribowave/scripts
    
Submitted job 6 with external jobid 'Submitted batch job 2408160'.

[Wed Dec 19 21:09:15 2018]
rule p_site_determination:
    input: /home/cmb-panasas2/wenzhenl/benchmark/gene_level/mm10/SRP091889_mouse/RIBO_CCDS_lengths.bam, /home/cmb-panasas2/skchoudh/genomes/mm10/ribowave_annotation/start_codon.bed
    output: Ribowave_results/P-site/RIBO_CCDS_lengths.psite1nt.txt
    jobid: 7
    benchmark: time_benchmarks/Ribowave/p_site_determination/RIBO_CCDS_lengths.txt
    wildcards: sample_type=RIBO_CCDS_lengths

source activate ribowave &&\
    bash /home/cmb-panasas2/skchoudh/github_projects/Ribowave/scripts/P-site_determination.sh  -i  /home/cmb-panasas2/wenzhenl/benchmark/gene_level/mm10/SRP091889_mouse/RIBO_CCDS_lengths.bam\
      -S /home/cmb-panasas2/skchoudh/genomes/mm10/ribowave_annotation/start_codon.bed\
      -o Ribowave_results\
      -n RIBO_CCDS_lengths\
      -s /home/cmb-panasas2/skchoudh/github_projects/Ribowave/scripts
    
Submitted job 7 with external jobid 'Submitted batch job 2408161'.
[Wed Dec 19 21:21:56 2018]
Finished job 6.
1 of 7 steps (14%) done

[Wed Dec 19 21:21:56 2018]
rule create_psite_track:
    input: /home/cmb-panasas2/wenzhenl/benchmark/gene_level/mm10/SRP091889_mouse/RNA_CCDS_lengths.bam, /home/cmb-panasas2/skchoudh/genomes/mm10/ribowave_annotation/exons.gtf, /home/cmb-panasas2/skchoudh/genomes/mm10/annotation/gencode.vM11.annotation.gtf, Ribowave_results/P-site/RNA_CCDS_lengths.psite1nt.txt
    output: Ribowave_results/bedgraph/RNA_CCDS_lengths/final.psite
    jobid: 3
    benchmark: time_benchmarks/Ribowave/create_psite_track/RNA_CCDS_lengths.txt
    wildcards: sample_type=RNA_CCDS_lengths

source activate ribowave &&\
    bash /home/cmb-panasas2/skchoudh/github_projects/Ribowave/scripts/create_track_Ribo.sh\
    -i /home/cmb-panasas2/wenzhenl/benchmark/gene_level/mm10/SRP091889_mouse/RNA_CCDS_lengths.bam\
    -G /home/cmb-panasas2/skchoudh/genomes/mm10/ribowave_annotation/exons.gtf\
    -g /home/cmb-panasas2/skchoudh/genomes/mm10/annotation/gencode.vM11.annotation.gtf\
    -P Ribowave_results/P-site/RNA_CCDS_lengths.psite1nt.txt\
    -o Ribowave_results\
    -n RNA_CCDS_lengths\
    -s /home/cmb-panasas2/skchoudh/github_projects/Ribowave/scripts
    
Submitted job 3 with external jobid 'Submitted batch job 2408285'.
