Building DAG of jobs...
Using shell: /usr/bin/bash
Provided cluster nodes: 400
Job counts:
	count	jobs
	1	all
	2	create_psite_track
	2	p_site_determination
	2	ribowave
	7

[Wed Dec 19 20:59:14 2018]
rule p_site_determination:
    input: /home/cmb-panasas2/wenzhenl/benchmark/gene_level/hg38/SRP098789_human/RIBO_CCDS_lengths.bam, /home/cmb-panasas2/skchoudh/genomes/hg38/ribowave_annotation/start_codon.bed
    output: Ribowave_results/P-site/RIBO_CCDS_lengths.psite1nt.txt
    jobid: 7
    benchmark: time_benchmarks/Ribowave/p_site_determination/RIBO_CCDS_lengths.txt
    wildcards: sample_type=RIBO_CCDS_lengths

source activate ribowave &&\
    bash /home/cmb/P-site_determination.sh  -i  /home/cmb-panasas2/wenzhenl/benchmark/gene_level/hg38/SRP098789_human/RIBO_CCDS_lengths.bam\
      -S /home/cmb-panasas2/skchoudh/genomes/hg38/ribowave_annotation/start_codon.bed\
      -o Ribowave_results\
      -n RIBO_CCDS_lengths\
      -s /home/cmb
    
Submitted job 7 with external jobid 'Submitted batch job 2408068'.

[Wed Dec 19 20:59:15 2018]
rule p_site_determination:
    input: /home/cmb-panasas2/wenzhenl/benchmark/gene_level/hg38/SRP098789_human/RNA_CCDS_lengths.bam, /home/cmb-panasas2/skchoudh/genomes/hg38/ribowave_annotation/start_codon.bed
    output: Ribowave_results/P-site/RNA_CCDS_lengths.psite1nt.txt
    jobid: 6
    benchmark: time_benchmarks/Ribowave/p_site_determination/RNA_CCDS_lengths.txt
    wildcards: sample_type=RNA_CCDS_lengths

source activate ribowave &&\
    bash /home/cmb/P-site_determination.sh  -i  /home/cmb-panasas2/wenzhenl/benchmark/gene_level/hg38/SRP098789_human/RNA_CCDS_lengths.bam\
      -S /home/cmb-panasas2/skchoudh/genomes/hg38/ribowave_annotation/start_codon.bed\
      -o Ribowave_results\
      -n RNA_CCDS_lengths\
      -s /home/cmb
    
Submitted job 6 with external jobid 'Submitted batch job 2408069'.
[Wed Dec 19 20:59:34 2018]
Error in rule p_site_determination:
    jobid: 7
    output: Ribowave_results/P-site/RIBO_CCDS_lengths.psite1nt.txt
    cluster_jobid: Submitted batch job 2408068

Job failed, going on with independent jobs.
[Wed Dec 19 20:59:55 2018]
Error in rule p_site_determination:
    jobid: 6
    output: Ribowave_results/P-site/RNA_CCDS_lengths.psite1nt.txt
    cluster_jobid: Submitted batch job 2408069

Job failed, going on with independent jobs.
Terminating processes on user request, this might take some time.
Will exit after finishing currently running jobs.
Cancelling snakemake on user request.
