[I 10:28:51.669 NotebookApp] Serving notebooks from local directory: /staging/as/wenzhenl/jupyter
[I 10:28:51.670 NotebookApp] 0 active kernels
[I 10:28:51.671 NotebookApp] The Jupyter Notebook is running at:
[I 10:28:51.671 NotebookApp] http://localhost:11111/?token=2ecfb65e9b47a35a8294b908d84f9168a6d1ae889370ddef
[I 10:28:51.672 NotebookApp] Use Control-C to stop this server and shut down all kernels (twice to skip confirmation).
[C 10:28:51.684 NotebookApp] 
    
    Copy/paste this URL into your browser when you connect for the first time,
    to login with a token:
        http://localhost:11111/?token=2ecfb65e9b47a35a8294b908d84f9168a6d1ae889370ddef
[I 20:16:59.199 NotebookApp] Kernel started: e44940aa-c876-46c2-8e7d-f69f8081bb33
[W 20:17:11.778 NotebookApp] Timeout waiting for kernel_info reply from e44940aa-c876-46c2-8e7d-f69f8081bb33
[I 20:18:02.869 NotebookApp] Kernel interrupted: e44940aa-c876-46c2-8e7d-f69f8081bb33
[I 20:18:03.588 NotebookApp] Adapting to protocol v5.1 for kernel e44940aa-c876-46c2-8e7d-f69f8081bb33
[I 20:18:15.074 NotebookApp] Kernel restarted: e44940aa-c876-46c2-8e7d-f69f8081bb33
[W 20:18:15.087 NotebookApp] zmq message arrived on closed channel
[I 20:18:15.090 NotebookApp] Starting buffering for e44940aa-c876-46c2-8e7d-f69f8081bb33:5a2d467b8c034b4a89627f72fe4107f1
[I 20:18:16.427 NotebookApp] Restoring connection for e44940aa-c876-46c2-8e7d-f69f8081bb33:5a2d467b8c034b4a89627f72fe4107f1
[I 20:18:16.428 NotebookApp] Replaying 3 buffered messages
[I 20:18:57.691 NotebookApp] Saving file at /notebooks/noncentered-chi2.ipynb
[I 20:20:57.674 NotebookApp] Saving file at /notebooks/noncentered-chi2.ipynb
[I 20:22:57.736 NotebookApp] Saving file at /notebooks/noncentered-chi2.ipynb
[I 20:26:57.792 NotebookApp] Saving file at /notebooks/noncentered-chi2.ipynb
[I 20:28:57.687 NotebookApp] Saving file at /notebooks/noncentered-chi2.ipynb
[I 20:30:57.719 NotebookApp] Saving file at /notebooks/noncentered-chi2.ipynb
[I 20:32:57.723 NotebookApp] Saving file at /notebooks/noncentered-chi2.ipynb
[I 20:33:28.981 NotebookApp] Starting buffering for e44940aa-c876-46c2-8e7d-f69f8081bb33:5a2d467b8c034b4a89627f72fe4107f1
[I 15:32:21.537 NotebookApp] Saving file at /notebooks/noncentered-chi2.ipynb
[I 15:45:51.693 NotebookApp] Starting buffering for e44940aa-c876-46c2-8e7d-f69f8081bb33:bfa23dd817f8417785c7d0d62eacdcd5
[I 16:15:21.720 NotebookApp] 302 GET /tree/notebooks (127.0.0.1) 159.38ms
[W 16:15:26.331 NotebookApp] 401 POST /login?next=%2Ftree%2Fnotebooks (127.0.0.1) 4.74ms referer=http://localhost:8888/login?next=%2Ftree%2Fnotebooks
[I 16:17:33.328 NotebookApp] 302 POST /login?next=%2Ftree%2Fnotebooks (127.0.0.1) 3.94ms
